[0.074s] DEBUG:colcon:Command line arguments: ['/usr/bin/colcon', 'build', '--symlink-install']
[0.074s] DEBUG:colcon:Parsed command line arguments: Namespace(log_base=None, log_level=None, verb_name='build', build_base='build', install_base='install', merge_install=False, symlink_install=True, test_result_base=None, continue_on_error=False, executor='parallel', parallel_workers=22, event_handlers=None, ignore_user_meta=False, metas=['./colcon.meta'], base_paths=['.'], packages_ignore=None, packages_ignore_regex=None, paths=None, packages_up_to=None, packages_up_to_regex=None, packages_above=None, packages_above_and_dependencies=None, packages_above_depth=None, packages_select_by_dep=None, packages_skip_by_dep=None, packages_skip_up_to=None, packages_select_build_failed=False, packages_skip_build_finished=False, packages_select_test_failures=False, packages_skip_test_passed=False, packages_select=None, packages_skip=None, packages_select_regex=None, packages_skip_regex=None, packages_start=None, packages_end=None, cmake_args=None, cmake_target=None, cmake_target_skip_unavailable=False, cmake_clean_cache=False, cmake_clean_first=False, cmake_force_configure=False, ament_cmake_args=None, catkin_cmake_args=None, catkin_skip_building_tests=False, mixin_files=None, mixin=None, verb_parser=<colcon_mixin.mixin.mixin_argument.MixinArgumentDecorator object at 0x77ad2a95d0f0>, verb_extension=<colcon_core.verb.build.BuildVerb object at 0x77ad2a95c760>, main=<bound method BuildVerb.main of <colcon_core.verb.build.BuildVerb object at 0x77ad2a95c760>>, mixin_verb=('build',))
[0.159s] Level 1:colcon.colcon_core.package_discovery:discover_packages(colcon_meta) check parameters
[0.160s] INFO:colcon.colcon_metadata.package_discovery.colcon_meta:Using configuration from '/root/.colcon/metadata/default/Gazebo.meta'
[0.160s] INFO:colcon.colcon_metadata.package_discovery.colcon_meta:Using configuration from '/root/.colcon/metadata/default/fastdds.meta'
[0.160s] INFO:colcon.colcon_metadata.package_discovery.colcon_meta:Using configuration from '/root/.colcon/metadata/default/fastrtps.meta'
[0.160s] Level 1:colcon.colcon_core.package_discovery:discover_packages(recursive) check parameters
[0.160s] Level 1:colcon.colcon_core.package_discovery:discover_packages(ignore) check parameters
[0.160s] Level 1:colcon.colcon_core.package_discovery:discover_packages(path) check parameters
[0.160s] Level 1:colcon.colcon_core.package_discovery:discover_packages(colcon_meta) discover
[0.160s] Level 1:colcon.colcon_core.package_discovery:discover_packages(recursive) discover
[0.160s] INFO:colcon.colcon_core.package_discovery:Crawling recursively for packages in '/home/ros/ros2_ws/src/comprobo-project1-robobehaviors-FSM'
[0.161s] Level 1:colcon.colcon_core.package_identification:_identify(.) by extensions ['ignore', 'ignore_ament_install']
[0.161s] Level 1:colcon.colcon_core.package_identification:_identify(.) by extension 'ignore'
[0.161s] Level 1:colcon.colcon_core.package_identification:_identify(.) by extension 'ignore_ament_install'
[0.161s] Level 1:colcon.colcon_core.package_identification:_identify(.) by extensions ['colcon_pkg']
[0.161s] Level 1:colcon.colcon_core.package_identification:_identify(.) by extension 'colcon_pkg'
[0.161s] Level 1:colcon.colcon_core.package_identification:_identify(.) by extensions ['colcon_meta']
[0.161s] Level 1:colcon.colcon_core.package_identification:_identify(.) by extension 'colcon_meta'
[0.161s] Level 1:colcon.colcon_core.package_identification:_identify(.) by extensions ['ros']
[0.161s] Level 1:colcon.colcon_core.package_identification:_identify(.) by extension 'ros'
[0.168s] Level 1:colcon.colcon_core.package_identification:_identify(.) by extensions ['cmake', 'python']
[0.168s] Level 1:colcon.colcon_core.package_identification:_identify(.) by extension 'cmake'
[0.168s] Level 1:colcon.colcon_core.package_identification:_identify(.) by extension 'python'
[0.168s] Level 1:colcon.colcon_core.package_identification:_identify(.) by extensions ['python_setup_py']
[0.168s] Level 1:colcon.colcon_core.package_identification:_identify(.) by extension 'python_setup_py'
[0.168s] Level 1:colcon.colcon_core.package_identification:_identify(build) by extensions ['ignore', 'ignore_ament_install']
[0.168s] Level 1:colcon.colcon_core.package_identification:_identify(build) by extension 'ignore'
[0.168s] Level 1:colcon.colcon_core.package_identification:_identify(build) ignored
[0.168s] Level 1:colcon.colcon_core.package_identification:_identify(install) by extensions ['ignore', 'ignore_ament_install']
[0.168s] Level 1:colcon.colcon_core.package_identification:_identify(install) by extension 'ignore'
[0.168s] Level 1:colcon.colcon_core.package_identification:_identify(install) ignored
[0.168s] Level 1:colcon.colcon_core.package_identification:_identify(log) by extensions ['ignore', 'ignore_ament_install']
[0.169s] Level 1:colcon.colcon_core.package_identification:_identify(log) by extension 'ignore'
[0.169s] Level 1:colcon.colcon_core.package_identification:_identify(log) ignored
[0.169s] Level 1:colcon.colcon_core.package_identification:_identify(robobehaviors_fsm) by extensions ['ignore', 'ignore_ament_install']
[0.169s] Level 1:colcon.colcon_core.package_identification:_identify(robobehaviors_fsm) by extension 'ignore'
[0.169s] Level 1:colcon.colcon_core.package_identification:_identify(robobehaviors_fsm) by extension 'ignore_ament_install'
[0.169s] Level 1:colcon.colcon_core.package_identification:_identify(robobehaviors_fsm) by extensions ['colcon_pkg']
[0.169s] Level 1:colcon.colcon_core.package_identification:_identify(robobehaviors_fsm) by extension 'colcon_pkg'
[0.169s] Level 1:colcon.colcon_core.package_identification:_identify(robobehaviors_fsm) by extensions ['colcon_meta']
[0.169s] Level 1:colcon.colcon_core.package_identification:_identify(robobehaviors_fsm) by extension 'colcon_meta'
[0.169s] Level 1:colcon.colcon_core.package_identification:_identify(robobehaviors_fsm) by extensions ['ros']
[0.169s] Level 1:colcon.colcon_core.package_identification:_identify(robobehaviors_fsm) by extension 'ros'
[0.171s] DEBUG:colcon.colcon_core.package_identification:Package 'robobehaviors_fsm' with type 'ros.ament_python' and name 'robobehaviors_fsm'
[0.171s] Level 1:colcon.colcon_core.package_discovery:discover_packages(recursive) using defaults
[0.171s] Level 1:colcon.colcon_core.package_discovery:discover_packages(ignore) discover
[0.171s] Level 1:colcon.colcon_core.package_discovery:discover_packages(ignore) using defaults
[0.171s] Level 1:colcon.colcon_core.package_discovery:discover_packages(path) discover
[0.171s] Level 1:colcon.colcon_core.package_discovery:discover_packages(path) using defaults
[0.184s] Level 5:colcon.colcon_core.verb:set package 'robobehaviors_fsm' build argument 'cmake_args' from command line to 'None'
[0.184s] Level 5:colcon.colcon_core.verb:set package 'robobehaviors_fsm' build argument 'cmake_target' from command line to 'None'
[0.184s] Level 5:colcon.colcon_core.verb:set package 'robobehaviors_fsm' build argument 'cmake_target_skip_unavailable' from command line to 'False'
[0.184s] Level 5:colcon.colcon_core.verb:set package 'robobehaviors_fsm' build argument 'cmake_clean_cache' from command line to 'False'
[0.184s] Level 5:colcon.colcon_core.verb:set package 'robobehaviors_fsm' build argument 'cmake_clean_first' from command line to 'False'
[0.184s] Level 5:colcon.colcon_core.verb:set package 'robobehaviors_fsm' build argument 'cmake_force_configure' from command line to 'False'
[0.184s] Level 5:colcon.colcon_core.verb:set package 'robobehaviors_fsm' build argument 'ament_cmake_args' from command line to 'None'
[0.184s] Level 5:colcon.colcon_core.verb:set package 'robobehaviors_fsm' build argument 'catkin_cmake_args' from command line to 'None'
[0.184s] Level 5:colcon.colcon_core.verb:set package 'robobehaviors_fsm' build argument 'catkin_skip_building_tests' from command line to 'False'
[0.184s] DEBUG:colcon.colcon_core.verb:Building package 'robobehaviors_fsm' with the following arguments: {'ament_cmake_args': None, 'build_base': '/home/ros/ros2_ws/src/comprobo-project1-robobehaviors-FSM/build/robobehaviors_fsm', 'catkin_cmake_args': None, 'catkin_skip_building_tests': False, 'cmake_args': None, 'cmake_clean_cache': False, 'cmake_clean_first': False, 'cmake_force_configure': False, 'cmake_target': None, 'cmake_target_skip_unavailable': False, 'install_base': '/home/ros/ros2_ws/src/comprobo-project1-robobehaviors-FSM/install/robobehaviors_fsm', 'merge_install': False, 'path': '/home/ros/ros2_ws/src/comprobo-project1-robobehaviors-FSM/robobehaviors_fsm', 'symlink_install': True, 'test_result_base': None}
[0.184s] INFO:colcon.colcon_core.executor:Executing jobs using 'parallel' executor
[0.185s] DEBUG:colcon.colcon_parallel_executor.executor.parallel:run_until_complete
[0.185s] INFO:colcon.colcon_ros.task.ament_python.build:Building ROS package in '/home/ros/ros2_ws/src/comprobo-project1-robobehaviors-FSM/robobehaviors_fsm' with build type 'ament_python'
[0.185s] Level 1:colcon.colcon_core.shell:create_environment_hook('robobehaviors_fsm', 'ament_prefix_path')
[0.187s] INFO:colcon.colcon_core.plugin_system:Skipping extension 'colcon_core.shell.bat': Not used on non-Windows systems
[0.187s] INFO:colcon.colcon_core.shell:Creating environment hook '/home/ros/ros2_ws/src/comprobo-project1-robobehaviors-FSM/install/robobehaviors_fsm/share/robobehaviors_fsm/hook/ament_prefix_path.ps1'
[0.187s] INFO:colcon.colcon_core.shell:Creating environment descriptor '/home/ros/ros2_ws/src/comprobo-project1-robobehaviors-FSM/install/robobehaviors_fsm/share/robobehaviors_fsm/hook/ament_prefix_path.dsv'
[0.188s] INFO:colcon.colcon_core.shell:Creating environment hook '/home/ros/ros2_ws/src/comprobo-project1-robobehaviors-FSM/install/robobehaviors_fsm/share/robobehaviors_fsm/hook/ament_prefix_path.sh'
[0.188s] INFO:colcon.colcon_core.shell:Skip shell extension 'powershell' for command environment: Not usable outside of PowerShell
[0.188s] DEBUG:colcon.colcon_core.shell:Skip shell extension 'dsv' for command environment
[0.342s] INFO:colcon.colcon_core.task.python.build:Building Python package in '/home/ros/ros2_ws/src/comprobo-project1-robobehaviors-FSM/robobehaviors_fsm'
[0.342s] INFO:colcon.colcon_core.shell:Skip shell extension 'powershell' for command environment: Not usable outside of PowerShell
[0.342s] DEBUG:colcon.colcon_core.shell:Skip shell extension 'dsv' for command environment
[0.541s] DEBUG:colcon.colcon_core.event_handler.log_command:Invoking command in '/home/ros/ros2_ws/src/comprobo-project1-robobehaviors-FSM/build/robobehaviors_fsm': PYTHONPATH=/home/ros/ros2_ws/src/comprobo-project1-robobehaviors-FSM/build/robobehaviors_fsm/prefix_override:/usr/lib/python3/dist-packages/colcon_core/task/python/colcon_distutils_commands:/home/ros/ros2_ws/src/comprobo-project1-robobehaviors-FSM/install/robobehaviors_fsm/lib/python3.10/site-packages:${PYTHONPATH} /usr/bin/python3 -W ignore:setup.py install is deprecated -W ignore:easy_install command is deprecated setup.py develop --editable --build-directory /home/ros/ros2_ws/src/comprobo-project1-robobehaviors-FSM/build/robobehaviors_fsm/build --no-deps symlink_data
[0.788s] Level 1:colcon.colcon_core.shell:create_environment_hook('robobehaviors_fsm', 'pythonpath_develop')
[0.789s] INFO:colcon.colcon_core.shell:Creating environment hook '/home/ros/ros2_ws/src/comprobo-project1-robobehaviors-FSM/build/robobehaviors_fsm/share/robobehaviors_fsm/hook/pythonpath_develop.ps1'
[0.789s] DEBUG:colcon.colcon_core.event_handler.log_command:Invoked command in '/home/ros/ros2_ws/src/comprobo-project1-robobehaviors-FSM/build/robobehaviors_fsm' returned '0': PYTHONPATH=/home/ros/ros2_ws/src/comprobo-project1-robobehaviors-FSM/build/robobehaviors_fsm/prefix_override:/usr/lib/python3/dist-packages/colcon_core/task/python/colcon_distutils_commands:/home/ros/ros2_ws/src/comprobo-project1-robobehaviors-FSM/install/robobehaviors_fsm/lib/python3.10/site-packages:${PYTHONPATH} /usr/bin/python3 -W ignore:setup.py install is deprecated -W ignore:easy_install command is deprecated setup.py develop --editable --build-directory /home/ros/ros2_ws/src/comprobo-project1-robobehaviors-FSM/build/robobehaviors_fsm/build --no-deps symlink_data
[0.789s] INFO:colcon.colcon_core.shell:Creating environment descriptor '/home/ros/ros2_ws/src/comprobo-project1-robobehaviors-FSM/build/robobehaviors_fsm/share/robobehaviors_fsm/hook/pythonpath_develop.dsv'
[0.789s] INFO:colcon.colcon_core.shell:Creating environment hook '/home/ros/ros2_ws/src/comprobo-project1-robobehaviors-FSM/build/robobehaviors_fsm/share/robobehaviors_fsm/hook/pythonpath_develop.sh'
[0.791s] Level 1:colcon.colcon_core.environment:checking '/home/ros/ros2_ws/src/comprobo-project1-robobehaviors-FSM/install/robobehaviors_fsm' for CMake module files
[0.791s] Level 1:colcon.colcon_core.environment:checking '/home/ros/ros2_ws/src/comprobo-project1-robobehaviors-FSM/install/robobehaviors_fsm' for CMake config files
[0.792s] Level 1:colcon.colcon_core.environment:checking '/home/ros/ros2_ws/src/comprobo-project1-robobehaviors-FSM/install/robobehaviors_fsm/lib'
[0.792s] Level 1:colcon.colcon_core.environment:checking '/home/ros/ros2_ws/src/comprobo-project1-robobehaviors-FSM/install/robobehaviors_fsm/bin'
[0.792s] Level 1:colcon.colcon_core.environment:checking '/home/ros/ros2_ws/src/comprobo-project1-robobehaviors-FSM/install/robobehaviors_fsm/lib/pkgconfig/robobehaviors_fsm.pc'
[0.792s] Level 1:colcon.colcon_core.environment:checking '/home/ros/ros2_ws/src/comprobo-project1-robobehaviors-FSM/install/robobehaviors_fsm/lib/python3.10/site-packages'
[0.792s] Level 1:colcon.colcon_core.shell:create_environment_hook('robobehaviors_fsm', 'pythonpath')
[0.792s] INFO:colcon.colcon_core.shell:Creating environment hook '/home/ros/ros2_ws/src/comprobo-project1-robobehaviors-FSM/install/robobehaviors_fsm/share/robobehaviors_fsm/hook/pythonpath.ps1'
[0.792s] INFO:colcon.colcon_core.shell:Creating environment descriptor '/home/ros/ros2_ws/src/comprobo-project1-robobehaviors-FSM/install/robobehaviors_fsm/share/robobehaviors_fsm/hook/pythonpath.dsv'
[0.793s] INFO:colcon.colcon_core.shell:Creating environment hook '/home/ros/ros2_ws/src/comprobo-project1-robobehaviors-FSM/install/robobehaviors_fsm/share/robobehaviors_fsm/hook/pythonpath.sh'
[0.793s] Level 1:colcon.colcon_core.environment:checking '/home/ros/ros2_ws/src/comprobo-project1-robobehaviors-FSM/install/robobehaviors_fsm/bin'
[0.793s] Level 1:colcon.colcon_core.environment:create_environment_scripts_only(robobehaviors_fsm)
[0.793s] INFO:colcon.colcon_core.shell:Creating package script '/home/ros/ros2_ws/src/comprobo-project1-robobehaviors-FSM/install/robobehaviors_fsm/share/robobehaviors_fsm/package.ps1'
[0.794s] INFO:colcon.colcon_core.shell:Creating package descriptor '/home/ros/ros2_ws/src/comprobo-project1-robobehaviors-FSM/install/robobehaviors_fsm/share/robobehaviors_fsm/package.dsv'
[0.794s] INFO:colcon.colcon_core.shell:Creating package script '/home/ros/ros2_ws/src/comprobo-project1-robobehaviors-FSM/install/robobehaviors_fsm/share/robobehaviors_fsm/package.sh'
[0.795s] INFO:colcon.colcon_core.shell:Creating package script '/home/ros/ros2_ws/src/comprobo-project1-robobehaviors-FSM/install/robobehaviors_fsm/share/robobehaviors_fsm/package.bash'
[0.795s] INFO:colcon.colcon_core.shell:Creating package script '/home/ros/ros2_ws/src/comprobo-project1-robobehaviors-FSM/install/robobehaviors_fsm/share/robobehaviors_fsm/package.zsh'
[0.795s] Level 1:colcon.colcon_core.environment:create_file_with_runtime_dependencies(/home/ros/ros2_ws/src/comprobo-project1-robobehaviors-FSM/install/robobehaviors_fsm/share/colcon-core/packages/robobehaviors_fsm)
[0.795s] DEBUG:colcon.colcon_parallel_executor.executor.parallel:closing loop
[0.796s] DEBUG:colcon.colcon_parallel_executor.executor.parallel:loop closed
[0.796s] DEBUG:colcon.colcon_parallel_executor.executor.parallel:run_until_complete finished with '0'
[0.796s] DEBUG:colcon.colcon_core.event_reactor:joining thread
[0.800s] INFO:colcon.colcon_core.plugin_system:Skipping extension 'colcon_notification.desktop_notification.notify_send': Could not find 'notify-send'
[0.800s] INFO:colcon.colcon_core.plugin_system:Skipping extension 'colcon_notification.desktop_notification.terminal_notifier': Not used on non-Darwin systems
[0.800s] INFO:colcon.colcon_core.plugin_system:Skipping extension 'colcon_notification.desktop_notification.win32': Not used on non-Windows systems
[0.800s] INFO:colcon.colcon_notification.desktop_notification:Sending desktop notification using 'notify2'
[0.802s] DEBUG:colcon.colcon_notification.desktop_notification.notify2:Failed to initialize notify2: org.freedesktop.DBus.Error.Spawn.ExecFailed: /usr/bin/dbus-launch terminated abnormally without any error message
[0.802s] DEBUG:colcon.colcon_core.event_reactor:joined thread
[0.802s] INFO:colcon.colcon_core.shell:Creating prefix script '/home/ros/ros2_ws/src/comprobo-project1-robobehaviors-FSM/install/local_setup.ps1'
[0.803s] INFO:colcon.colcon_core.shell:Creating prefix util module '/home/ros/ros2_ws/src/comprobo-project1-robobehaviors-FSM/install/_local_setup_util_ps1.py'
[0.804s] INFO:colcon.colcon_core.shell:Creating prefix chain script '/home/ros/ros2_ws/src/comprobo-project1-robobehaviors-FSM/install/setup.ps1'
[0.812s] INFO:colcon.colcon_core.shell:Creating prefix script '/home/ros/ros2_ws/src/comprobo-project1-robobehaviors-FSM/install/local_setup.sh'
[0.813s] INFO:colcon.colcon_core.shell:Creating prefix util module '/home/ros/ros2_ws/src/comprobo-project1-robobehaviors-FSM/install/_local_setup_util_sh.py'
[0.813s] INFO:colcon.colcon_core.shell:Creating prefix chain script '/home/ros/ros2_ws/src/comprobo-project1-robobehaviors-FSM/install/setup.sh'
[0.814s] INFO:colcon.colcon_core.shell:Creating prefix script '/home/ros/ros2_ws/src/comprobo-project1-robobehaviors-FSM/install/local_setup.bash'
[0.814s] INFO:colcon.colcon_core.shell:Creating prefix chain script '/home/ros/ros2_ws/src/comprobo-project1-robobehaviors-FSM/install/setup.bash'
[0.815s] INFO:colcon.colcon_core.shell:Creating prefix script '/home/ros/ros2_ws/src/comprobo-project1-robobehaviors-FSM/install/local_setup.zsh'
[0.815s] INFO:colcon.colcon_core.shell:Creating prefix chain script '/home/ros/ros2_ws/src/comprobo-project1-robobehaviors-FSM/install/setup.zsh'
